app/build/intermediates/manifest_merge_blame_file/debug/processDebugMainManifest/manifest-merger-blame-debug-report.txt
1<?xml version="1.0" encoding="utf-8"?>
2<manifest xmlns:android="http://schemas.android.com/apk/res/android"
3    package="com.monochrome.app"
4    android:versionCode="1"
5    android:versionName="1.0" >
6
7    <uses-sdk
7-->INJECTED
8        android:minSdkVersion="26"
8-->INJECTED
9        android:targetSdkVersion="37" />
9-->INJECTED
10
11    <uses-permission android:name="android.permission.INTERNET" />
11-->src\main\AndroidManifest.xml:4:5-67
11-->src\main\AndroidManifest.xml:4:22-64
12    <uses-permission android:name="android.permission.FOREGROUND_SERVICE" />
12-->src\main\AndroidManifest.xml:5:5-77
12-->src\main\AndroidManifest.xml:5:22-74
13    <uses-permission android:name="android.permission.FOREGROUND_SERVICE_MEDIA_PLAYBACK" />
13-->src\main\AndroidManifest.xml:6:5-92
13-->src\main\AndroidManifest.xml:6:22-89
14    <uses-permission android:name="android.permission.WAKE_LOCK" />
14-->src\main\AndroidManifest.xml:7:5-68
14-->src\main\AndroidManifest.xml:7:22-65
15    <uses-permission android:name="android.permission.POST_NOTIFICATIONS" />
15-->src\main\AndroidManifest.xml:8:5-77
15-->src\main\AndroidManifest.xml:8:22-74
16    <uses-permission
16-->src\main\AndroidManifest.xml:9:5-108
17        android:name="android.permission.WRITE_EXTERNAL_STORAGE"
17-->src\main\AndroidManifest.xml:9:22-78
18        android:maxSdkVersion="28" />
18-->src\main\AndroidManifest.xml:9:79-105
19    <uses-permission
19-->src\main\AndroidManifest.xml:10:5-107
20        android:name="android.permission.READ_EXTERNAL_STORAGE"
20-->src\main\AndroidManifest.xml:10:22-77
21        android:maxSdkVersion="32" />
21-->src\main\AndroidManifest.xml:10:78-104
22    <uses-permission android:name="android.permission.READ_MEDIA_AUDIO" />
22-->src\main\AndroidManifest.xml:11:5-75
22-->src\main\AndroidManifest.xml:11:22-72
23    <uses-permission android:name="android.permission.USE_LOOPBACK_INTERFACE" />
23-->src\main\AndroidManifest.xml:12:5-81
23-->src\main\AndroidManifest.xml:12:22-78
24
25    <permission
25-->[androidx.core:core:1.18.0] AndroidManifest.xml:22:5-24:47
26        android:name="com.monochrome.app.DYNAMIC_RECEIVER_NOT_EXPORTED_PERMISSION"
26-->[androidx.core:core:1.18.0] AndroidManifest.xml:23:9-81
27        android:protectionLevel="signature" />
27-->[androidx.core:core:1.18.0] AndroidManifest.xml:24:9-44
28
29    <uses-permission android:name="com.monochrome.app.DYNAMIC_RECEIVER_NOT_EXPORTED_PERMISSION" />
29-->[androidx.core:core:1.18.0] AndroidManifest.xml:26:5-97
29-->[androidx.core:core:1.18.0] AndroidManifest.xml:26:22-94
30
31    <application
31-->src\main\AndroidManifest.xml:14:5-68:19
32        android:allowBackup="false"
32-->src\main\AndroidManifest.xml:15:9-36
33        android:appComponentFactory="androidx.core.app.CoreComponentFactory"
33-->[androidx.core:core:1.18.0] AndroidManifest.xml:28:18-86
34        android:dataExtractionRules="@xml/data_extraction_rules"
34-->src\main\AndroidManifest.xml:16:9-65
35        android:debuggable="true"
36        android:extractNativeLibs="true"
36-->INJECTED
37        android:fullBackupContent="@xml/backup_rules"
37-->src\main\AndroidManifest.xml:17:9-54
38        android:hardwareAccelerated="true"
38-->src\main\AndroidManifest.xml:18:9-43
39        android:icon="@mipmap/ic_launcher"
39-->src\main\AndroidManifest.xml:20:9-43
40        android:label="@string/app_name"
40-->src\main\AndroidManifest.xml:21:9-41
41        android:largeHeap="true"
41-->src\main\AndroidManifest.xml:19:9-33
42        android:networkSecurityConfig="@xml/network_security_config"
42-->src\main\AndroidManifest.xml:25:9-69
43        android:roundIcon="@mipmap/ic_launcher_round"
43-->src\main\AndroidManifest.xml:22:9-54
44        android:supportsRtl="true"
44-->src\main\AndroidManifest.xml:23:9-35
45        android:testOnly="true"
46        android:theme="@style/Theme.Monochrome" >
46-->src\main\AndroidManifest.xml:24:9-48
47
48        <!-- MAIN: launcher entry point, singleTop so notification tap reuses existing instance -->
49        <activity
49-->src\main\AndroidManifest.xml:28:9-38:20
50            android:name="com.monochrome.app.MainActivity"
50-->src\main\AndroidManifest.xml:29:13-41
51            android:configChanges="orientation|screenSize|screenLayout|smallestScreenSize|keyboard|keyboardHidden"
51-->src\main\AndroidManifest.xml:32:13-115
52            android:exported="true"
52-->src\main\AndroidManifest.xml:30:13-36
53            android:launchMode="singleTop"
53-->src\main\AndroidManifest.xml:31:13-43
54            android:windowSoftInputMode="adjustResize" >
54-->src\main\AndroidManifest.xml:33:13-55
55            <intent-filter>
55-->src\main\AndroidManifest.xml:34:13-37:29
56                <action android:name="android.intent.action.MAIN" />
56-->src\main\AndroidManifest.xml:35:17-69
56-->src\main\AndroidManifest.xml:35:25-66
57
58                <category android:name="android.intent.category.LAUNCHER" />
58-->src\main\AndroidManifest.xml:36:17-77
58-->src\main\AndroidManifest.xml:36:27-74
59            </intent-filter>
60        </activity>
61
62        <!-- MUSIC SERVICE: foreground, media playback type -->
63        <service
63-->src\main\AndroidManifest.xml:41:9-48:19
64            android:name="com.monochrome.app.MusicService"
64-->src\main\AndroidManifest.xml:42:13-41
65            android:exported="false"
65-->src\main\AndroidManifest.xml:43:13-37
66            android:foregroundServiceType="mediaPlayback" >
66-->src\main\AndroidManifest.xml:44:13-58
67            <intent-filter>
67-->src\main\AndroidManifest.xml:45:13-47:29
68                <action android:name="android.media.browse.MediaBrowserService" />
68-->src\main\AndroidManifest.xml:46:17-83
68-->src\main\AndroidManifest.xml:46:25-80
69            </intent-filter>
70        </service>
71
72        <!-- EXIT button in notification -->
73        <receiver
73-->src\main\AndroidManifest.xml:51:9-57:20
74            android:name="com.monochrome.app.AppExitReceiver"
74-->src\main\AndroidManifest.xml:52:13-44
75            android:exported="false" >
75-->src\main\AndroidManifest.xml:53:13-37
76            <intent-filter>
76-->src\main\AndroidManifest.xml:54:13-56:29
77                <action android:name="com.monochrome.app.EXIT" />
77-->src\main\AndroidManifest.xml:55:17-66
77-->src\main\AndroidManifest.xml:55:25-63
78            </intent-filter>
79        </receiver>
80
81        <!-- Media buttons (notification shade, headset, bluetooth) -->
82        <receiver
82-->src\main\AndroidManifest.xml:61:9-66:20
83            android:name="androidx.media.session.MediaButtonReceiver"
83-->src\main\AndroidManifest.xml:61:19-76
84            android:exported="true" >
84-->src\main\AndroidManifest.xml:62:13-36
85            <intent-filter>
85-->src\main\AndroidManifest.xml:63:13-65:29
86                <action android:name="android.intent.action.MEDIA_BUTTON" />
86-->src\main\AndroidManifest.xml:64:17-77
86-->src\main\AndroidManifest.xml:64:25-74
87            </intent-filter>
88        </receiver>
89
90        <provider
90-->[androidx.emoji2:emoji2:1.3.0] AndroidManifest.xml:24:9-32:20
91            android:name="androidx.startup.InitializationProvider"
91-->[androidx.emoji2:emoji2:1.3.0] AndroidManifest.xml:25:13-67
92            android:authorities="com.monochrome.app.androidx-startup"
92-->[androidx.emoji2:emoji2:1.3.0] AndroidManifest.xml:26:13-68
93            android:exported="false" >
93-->[androidx.emoji2:emoji2:1.3.0] AndroidManifest.xml:27:13-37
94            <meta-data
94-->[androidx.emoji2:emoji2:1.3.0] AndroidManifest.xml:29:13-31:52
95                android:name="androidx.emoji2.text.EmojiCompatInitializer"
95-->[androidx.emoji2:emoji2:1.3.0] AndroidManifest.xml:30:17-75
96                android:value="androidx.startup" />
96-->[androidx.emoji2:emoji2:1.3.0] AndroidManifest.xml:31:17-49
97            <meta-data
97-->[androidx.lifecycle:lifecycle-process:2.10.0] AndroidManifest.xml:29:13-31:52
98                android:name="androidx.lifecycle.ProcessLifecycleInitializer"
98-->[androidx.lifecycle:lifecycle-process:2.10.0] AndroidManifest.xml:30:17-78
99                android:value="androidx.startup" />
99-->[androidx.lifecycle:lifecycle-process:2.10.0] AndroidManifest.xml:31:17-49
100            <meta-data
100-->[androidx.profileinstaller:profileinstaller:1.4.0] AndroidManifest.xml:29:13-31:52
101                android:name="androidx.profileinstaller.ProfileInstallerInitializer"
101-->[androidx.profileinstaller:profileinstaller:1.4.0] AndroidManifest.xml:30:17-85
102                android:value="androidx.startup" />
102-->[androidx.profileinstaller:profileinstaller:1.4.0] AndroidManifest.xml:31:17-49
103        </provider>
104
105        <receiver
105-->[androidx.profileinstaller:profileinstaller:1.4.0] AndroidManifest.xml:34:9-52:20
106            android:name="androidx.profileinstaller.ProfileInstallReceiver"
106-->[androidx.profileinstaller:profileinstaller:1.4.0] AndroidManifest.xml:35:13-76
107            android:directBootAware="false"
107-->[androidx.profileinstaller:profileinstaller:1.4.0] AndroidManifest.xml:36:13-44
108            android:enabled="true"
108-->[androidx.profileinstaller:profileinstaller:1.4.0] AndroidManifest.xml:37:13-35
109            android:exported="true"
109-->[androidx.profileinstaller:profileinstaller:1.4.0] AndroidManifest.xml:38:13-36
110            android:permission="android.permission.DUMP" >
110-->[androidx.profileinstaller:profileinstaller:1.4.0] AndroidManifest.xml:39:13-57
111            <intent-filter>
111-->[androidx.profileinstaller:profileinstaller:1.4.0] AndroidManifest.xml:40:13-42:29
112                <action android:name="androidx.profileinstaller.action.INSTALL_PROFILE" />
112-->[androidx.profileinstaller:profileinstaller:1.4.0] AndroidManifest.xml:41:17-91
112-->[androidx.profileinstaller:profileinstaller:1.4.0] AndroidManifest.xml:41:25-88
113            </intent-filter>
114            <intent-filter>
114-->[androidx.profileinstaller:profileinstaller:1.4.0] AndroidManifest.xml:43:13-45:29
115                <action android:name="androidx.profileinstaller.action.SKIP_FILE" />
115-->[androidx.profileinstaller:profileinstaller:1.4.0] AndroidManifest.xml:44:17-85
115-->[androidx.profileinstaller:profileinstaller:1.4.0] AndroidManifest.xml:44:25-82
116            </intent-filter>
117            <intent-filter>
117-->[androidx.profileinstaller:profileinstaller:1.4.0] AndroidManifest.xml:46:13-48:29
118                <action android:name="androidx.profileinstaller.action.SAVE_PROFILE" />
118-->[androidx.profileinstaller:profileinstaller:1.4.0] AndroidManifest.xml:47:17-88
118-->[androidx.profileinstaller:profileinstaller:1.4.0] AndroidManifest.xml:47:25-85
119            </intent-filter>
120            <intent-filter>
120-->[androidx.profileinstaller:profileinstaller:1.4.0] AndroidManifest.xml:49:13-51:29
121                <action android:name="androidx.profileinstaller.action.BENCHMARK_OPERATION" />
121-->[androidx.profileinstaller:profileinstaller:1.4.0] AndroidManifest.xml:50:17-95
121-->[androidx.profileinstaller:profileinstaller:1.4.0] AndroidManifest.xml:50:25-92
122            </intent-filter>
123        </receiver>
124    </application>
125
126</manifest>